<?xml version="1.0" encoding="UTF-8"?>
<testsuite xmlns:xsi="http://www.w3.org/2001/XMLSchema-instance" xsi:noNamespaceSchemaLocation="https://maven.apache.org/surefire/maven-surefire-plugin/xsd/surefire-test-report.xsd" name="Projects.ParcelEvents.ParcelEvents_TestRunner" time="4.121" tests="2" errors="0" skipped="0" failures="0">
  <properties>
[...]
</properties>
  <testcase name="testSample[1][1]" classname="Projects.ParcelEvents.ParcelEvents_TestRunner" time="2.528"/>
  <testcase name="testSample[1][2]" classname="Projects.ParcelEvents.ParcelEvents_TestRunner" time="1.162"/>
</testsuite>